<?xml version="1.0" encoding="UTF-8"?>
<testExecutions version="1">
  <file path="/home/clayrisser/Code/bitspur/community/multiverse/platforms/vscode/src/test/suite/extension.test.ts">
  </file>
</testExecutions>